<?xml version="1.0" encoding="UTF-8"?>
<!-- Generated by org.testng.reporters.JUnitReportReporter -->
<testsuite skipped="0" hostname="DESKTOP-KBPQ0KS" name="com.testcases.LoginPageTestTDD" tests="2" failures="0" timestamp="2021-11-23T11:04:50 IST" time="0.014" errors="0">
  <testcase name="validateLoginTest" time="0.011" classname="com.testcases.LoginPageTestTDD"/>
  <system-out/>
  <testcase name="validateLoginTest" time="0.003" classname="com.testcases.LoginPageTestTDD"/>
  <system-out/>
</testsuite> <!-- com.testcases.LoginPageTestTDD -->
